This file contains any messages produced by compilers while
running configure, to aid debugging if configure makes a mistake.

It was created by configure, which was
generated by GNU Autoconf 2.63.  Invocation command line was

  $ ./configure 

## --------- ##
## Platform. ##
## --------- ##

hostname = Jasmine-PC
uname -m = i686
uname -r = 1.0.18(0.48/3/2)
uname -s = MINGW32_NT-6.1
uname -v = 2012-11-21 22:34

/usr/bin/uname -p = unknown
/bin/uname -X     = unknown

/bin/arch              = unknown
/usr/bin/arch -k       = unknown
/usr/convex/getsysinfo = unknown
/usr/bin/hostinfo      = unknown
/bin/machine           = unknown
/usr/bin/oslevel       = unknown
/bin/universe          = unknown

PATH: .
PATH: /usr/local/bin
PATH: /mingw/bin
PATH: /bin
PATH: /c/ProgramData/Oracle/Java/javapath
PATH: /c/Program Files (x86)/NVIDIA Corporation/PhysX/Common
PATH: /c/Program Files/Common Files/Microsoft Shared/Windows Live
PATH: /c/Program Files (x86)/Common Files/Microsoft Shared/Windows Live
PATH: /c/windows/system32
PATH: /c/windows
PATH: /c/windows/System32/Wbem
PATH: /c/windows/System32/WindowsPowerShell/v1.0/
PATH: /c/Program Files/Intel/WiFi/bin/
PATH: /c/Program Files/Common Files/Intel/WirelessCommon/
PATH: /c/Program Files/Lenovo/Bluetooth Software/
PATH: /c/Program Files/Lenovo/Bluetooth Software/syswow64
PATH: /c/Program Files (x86)/Windows Live/Shared
PATH: /c/Program Files/Java/jdk1.7.0_10/bin
PATH: /c/strawberry/c/bin
PATH: /c/strawberry/perl/site/bin
PATH: /c/strawberry/perl/bin
PATH: /c/Program Files (x86)/Git/cmd
PATH: /c/Program Files (x86)/ChucK/bin
PATH: /c/Program Files/nodejs/
PATH: /c/Program Files/Microsoft SQL Server/110/Tools/Binn/
PATH: /c/Program Files/MATLAB/R2014a/bin
PATH: /c/Program Files (x86)/Skype/Phone/
PATH: /c/frc/bin
PATH: /c/MinGW/bin
PATH: /usr/bin
PATH: /c/Program Files/mingw-w64/x86_64-5.2.0-posix-seh-rt_v4-rev0/mingw64/bin
PATH: /c/Users/Jasmine/wpilib/cpp/current/lib
PATH: /c/Program Files/LLVM/bin


## ----------- ##
## Core tests. ##
## ----------- ##

configure:2052: checking for a BSD-compatible install
configure:2120: result: /bin/install -c
configure:2131: checking whether build environment is sane
configure:2174: result: yes
configure:2195: WARNING: `missing' script is too old or missing
configure:2199: checking for a thread-safe mkdir -p
configure:2238: result: /bin/mkdir -p
configure:2251: checking for gawk
configure:2267: found /bin/gawk
configure:2278: result: gawk
configure:2289: checking whether make sets $(MAKE)
configure:2311: result: yes
configure:2544: checking for gcc
configure:2560: found /c/strawberry/c/bin/gcc
configure:2571: result: gcc
configure:2803: checking for C compiler version
configure:2811: gcc --version >&5
gcc.exe (gcc-4.6.3 release with patches [build 20121012 by perlmingw.sf.net]) 4.6.3
Copyright (C) 2011 Free Software Foundation, Inc.
This is free software; see the source for copying conditions.  There is NO
warranty; not even for MERCHANTABILITY or FITNESS FOR A PARTICULAR PURPOSE.

configure:2815: $? = 0
configure:2822: gcc -v >&5
Using built-in specs.
COLLECT_GCC=c:\strawberry\c\bin\gcc.exe
COLLECT_LTO_WRAPPER=c:/strawberry/c/bin/../libexec/gcc/x86_64-w64-mingw32/4.6.3/lto-wrapper.exe
Target: x86_64-w64-mingw32
Configured with: ../../../src/gcc-4.6.3/configure --build=x86_64-w64-mingw32 --target=x86_64-w64-mingw32 --enable-languages=c,c++,fortran --enable-libgomp --enable-lto --enable-bootstrap --enable-checking=release --enable-version-specific-runtime-libs --disable-multilib --disable-nls --disable-win32-registry --disable-werror --with-pkgversion='gcc-4.6.3 release with patches [build 20121012 by perlmingw.sf.net]' --with-sysroot=/gccbuild/prefix/mingw64 --with-gmp=/gccbuild/prefix/mingw64 --with-mpfr=/gccbuild/prefix/mingw64 --with-mpc=/gccbuild/prefix/mingw64 --with-ppl=/gccbuild/prefix/mingw64 --with-cloog=/gccbuild/prefix/mingw64 --enable-cloog-backend=isl --with-bugurl=http://mingwfp.znix.com --with-gnu-ld --prefix=/gccbuild/prefix/mingw64 --with-local-prefix=/gccbuild/prefix/mingw64 --with-libiconv-prefix=/gccbuild/prefix/mingw64
Thread model: win32
gcc version 4.6.3 (gcc-4.6.3 release with patches [build 20121012 by perlmingw.sf.net]) 
configure:2826: $? = 0
configure:2833: gcc -V >&5
gcc.exe: error: unrecognized option '-V'
gcc.exe: fatal error: no input files
compilation terminated.
configure:2837: $? = 1
configure:2860: checking for C compiler default output file name
configure:2882: gcc    conftest.c  >&5
configure:2886: $? = 0
configure:2924: result: a.exe
configure:2943: checking whether the C compiler works
configure:2953: ./a.exe
configure:2957: $? = 0
configure:2976: result: yes
configure:2983: checking whether we are cross compiling
configure:2985: result: no
configure:2988: checking for suffix of executables
configure:2995: gcc -o conftest.exe    conftest.c  >&5
configure:2999: $? = 0
configure:3025: result: .exe
configure:3031: checking for suffix of object files
configure:3057: gcc -c   conftest.c >&5
configure:3061: $? = 0
configure:3086: result: o
configure:3090: checking whether we are using the GNU C compiler
configure:3119: gcc -c   conftest.c >&5
configure:3126: $? = 0
configure:3143: result: yes
configure:3152: checking whether gcc accepts -g
configure:3182: gcc -c -g  conftest.c >&5
configure:3189: $? = 0
configure:3290: result: yes
configure:3307: checking for gcc option to accept ISO C89
configure:3381: gcc  -c -g -O2  conftest.c >&5
configure:3388: $? = 0
configure:3411: result: none needed
configure:3440: checking for style of include used by make
configure:3468: result: GNU
configure:3493: checking dependency style of gcc
configure:3584: result: gcc3
configure:3613: checking for a BSD-compatible install
configure:3681: result: /bin/install -c
configure:3694: WARNING: Libtool does not cope well with whitespace in `pwd`
configure:3723: checking build system type
configure:3741: result: i686-pc-mingw32
configure:3763: checking host system type
configure:3778: result: i686-pc-mingw32
configure:3800: checking for a sed that does not truncate output
configure:3866: result: /bin/sed
configure:3884: checking for grep that handles long lines and -e
configure:3944: result: /bin/grep
configure:3949: checking for egrep
configure:4013: result: /bin/grep -E
configure:4018: checking for fgrep
configure:4082: result: /bin/grep -F
configure:4117: checking for ld used by gcc
configure:4184: result: c:/strawberry/c/x86_64-w64-mingw32/bin/ld.exe
configure:4193: checking if the linker (c:/strawberry/c/x86_64-w64-mingw32/bin/ld.exe) is GNU ld
configure:4208: result: yes
configure:4220: checking for BSD- or MS-compatible name lister (nm)
configure:4269: result: /c/Program Files/mingw-w64/x86_64-5.2.0-posix-seh-rt_v4-rev0/mingw64/bin/nm -B
configure:4387: checking the name lister (/c/Program Files/mingw-w64/x86_64-5.2.0-posix-seh-rt_v4-rev0/mingw64/bin/nm -B) interface
configure:4394: gcc -c -g -O2  conftest.c >&5
configure:4397: /c/Program Files/mingw-w64/x86_64-5.2.0-posix-seh-rt_v4-rev0/mingw64/bin/nm -B "conftest.o"
./configure: line 4398: /c/Program: No such file or directory
configure:4400: output
configure:4407: result: BSD nm
configure:4410: checking whether ln -s works
configure:4417: result: no, using cp -p
configure:4422: checking the maximum length of command line arguments
configure:4542: result: 8192
configure:4559: checking whether the shell understands some XSI constructs
configure:4569: result: yes
configure:4573: checking whether the shell understands "+="
configure:4579: result: yes
configure:4614: checking for c:/strawberry/c/x86_64-w64-mingw32/bin/ld.exe option to reload object files
configure:4621: result: -r
configure:4690: checking for objdump
configure:4706: found /c/strawberry/c/bin/objdump
configure:4717: result: objdump
configure:4749: checking how to recognize dependent libraries
configure:4945: result: file_magic ^x86 archive import|^x86 DLL
configure:5005: checking for ar
configure:5021: found /c/strawberry/c/bin/ar
configure:5032: result: ar
configure:5110: checking for strip
configure:5126: found /c/strawberry/c/bin/strip
configure:5137: result: strip
configure:5209: checking for ranlib
configure:5225: found /c/strawberry/c/bin/ranlib
configure:5236: result: ranlib
configure:5326: checking command to parse /c/Program Files/mingw-w64/x86_64-5.2.0-posix-seh-rt_v4-rev0/mingw64/bin/nm -B output from gcc object
configure:5444: gcc -c -g -O2  conftest.c >&5
configure:5447: $? = 0
configure:5451: /c/Program Files/mingw-w64/x86_64-5.2.0-posix-seh-rt_v4-rev0/mingw64/bin/nm -B conftest.o \| sed -n -e 's/^.*[	 ]\([ABCDGISTW][ABCDGISTW]*\)[	 ][	 ]*\([_A-Za-z][_A-Za-z0-9]*\)\{0,1\}$/\1 \2 \2/p' \> conftest.nm
./configure: line 5452: /c/Program: No such file or directory
configure:5454: $? = 0
cannot run sed -n -e 's/^.*[	 ]\([ABCDGISTW][ABCDGISTW]*\)[	 ][	 ]*\([_A-Za-z][_A-Za-z0-9]*\)\{0,1\}$/\1 \2 \2/p'
configure:5444: gcc -c -g -O2  conftest.c >&5
configure:5447: $? = 0
configure:5451: /c/Program Files/mingw-w64/x86_64-5.2.0-posix-seh-rt_v4-rev0/mingw64/bin/nm -B conftest.o \| sed -n -e 's/^.*[	 ]\([ABCDGISTW][ABCDGISTW]*\)[	 ][	 ]*_\([_A-Za-z][_A-Za-z0-9]*\)\{0,1\}$/\1 _\2 \2/p' \> conftest.nm
./configure: line 5452: /c/Program: No such file or directory
configure:5454: $? = 0
cannot run sed -n -e 's/^.*[	 ]\([ABCDGISTW][ABCDGISTW]*\)[	 ][	 ]*_\([_A-Za-z][_A-Za-z0-9]*\)\{0,1\}$/\1 _\2 \2/p'
configure:5546: result: failed
configure:6416: checking how to run the C preprocessor
configure:6456: gcc -E  conftest.c
configure:6463: $? = 0
configure:6494: gcc -E  conftest.c
conftest.c:10:28: fatal error: ac_nonexistent.h: No such file or directory
compilation terminated.
configure:6501: $? = 1
configure: failed program was:
| /* confdefs.h.  */
| #define PACKAGE_NAME ""
| #define PACKAGE_TARNAME ""
| #define PACKAGE_VERSION ""
| #define PACKAGE_STRING ""
| #define PACKAGE_BUGREPORT ""
| #define PACKAGE "cddlib"
| #define VERSION "0.94"
| /* end confdefs.h.  */
| #include <ac_nonexistent.h>
configure:6534: result: gcc -E
configure:6563: gcc -E  conftest.c
configure:6570: $? = 0
configure:6601: gcc -E  conftest.c
conftest.c:10:28: fatal error: ac_nonexistent.h: No such file or directory
compilation terminated.
configure:6608: $? = 1
configure: failed program was:
| /* confdefs.h.  */
| #define PACKAGE_NAME ""
| #define PACKAGE_TARNAME ""
| #define PACKAGE_VERSION ""
| #define PACKAGE_STRING ""
| #define PACKAGE_BUGREPORT ""
| #define PACKAGE "cddlib"
| #define VERSION "0.94"
| /* end confdefs.h.  */
| #include <ac_nonexistent.h>
configure:6648: checking for ANSI C header files
configure:6678: gcc -c -g -O2  conftest.c >&5
configure:6685: $? = 0
configure:6784: gcc -o conftest.exe -g -O2   conftest.c  >&5
configure:6788: $? = 0
configure:6794: ./conftest.exe
configure:6798: $? = 0
configure:6816: result: yes
configure:6840: checking for sys/types.h
configure:6861: gcc -c -g -O2  conftest.c >&5
configure:6868: $? = 0
configure:6885: result: yes
configure:6840: checking for sys/stat.h
configure:6861: gcc -c -g -O2  conftest.c >&5
configure:6868: $? = 0
configure:6885: result: yes
configure:6840: checking for stdlib.h
configure:6861: gcc -c -g -O2  conftest.c >&5
configure:6868: $? = 0
configure:6885: result: yes
configure:6840: checking for string.h
configure:6861: gcc -c -g -O2  conftest.c >&5
configure:6868: $? = 0
configure:6885: result: yes
configure:6840: checking for memory.h
configure:6861: gcc -c -g -O2  conftest.c >&5
configure:6868: $? = 0
configure:6885: result: yes
configure:6840: checking for strings.h
configure:6861: gcc -c -g -O2  conftest.c >&5
configure:6868: $? = 0
configure:6885: result: yes
configure:6840: checking for inttypes.h
configure:6861: gcc -c -g -O2  conftest.c >&5
configure:6868: $? = 0
configure:6885: result: yes
configure:6840: checking for stdint.h
configure:6861: gcc -c -g -O2  conftest.c >&5
configure:6868: $? = 0
configure:6885: result: yes
configure:6840: checking for unistd.h
configure:6861: gcc -c -g -O2  conftest.c >&5
configure:6868: $? = 0
configure:6885: result: yes
configure:6903: checking for dlfcn.h
configure:6924: gcc -c -g -O2  conftest.c >&5
conftest.c:54:19: fatal error: dlfcn.h: No such file or directory
compilation terminated.
configure:6931: $? = 1
configure: failed program was:
| /* confdefs.h.  */
| #define PACKAGE_NAME ""
| #define PACKAGE_TARNAME ""
| #define PACKAGE_VERSION ""
| #define PACKAGE_STRING ""
| #define PACKAGE_BUGREPORT ""
| #define PACKAGE "cddlib"
| #define VERSION "0.94"
| #define STDC_HEADERS 1
| #define HAVE_SYS_TYPES_H 1
| #define HAVE_SYS_STAT_H 1
| #define HAVE_STDLIB_H 1
| #define HAVE_STRING_H 1
| #define HAVE_MEMORY_H 1
| #define HAVE_STRINGS_H 1
| #define HAVE_INTTYPES_H 1
| #define HAVE_STDINT_H 1
| #define HAVE_UNISTD_H 1
| /* end confdefs.h.  */
| #include <stdio.h>
| #ifdef HAVE_SYS_TYPES_H
| # include <sys/types.h>
| #endif
| #ifdef HAVE_SYS_STAT_H
| # include <sys/stat.h>
| #endif
| #ifdef STDC_HEADERS
| # include <stdlib.h>
| # include <stddef.h>
| #else
| # ifdef HAVE_STDLIB_H
| #  include <stdlib.h>
| # endif
| #endif
| #ifdef HAVE_STRING_H
| # if !defined STDC_HEADERS && defined HAVE_MEMORY_H
| #  include <memory.h>
| # endif
| # include <string.h>
| #endif
| #ifdef HAVE_STRINGS_H
| # include <strings.h>
| #endif
| #ifdef HAVE_INTTYPES_H
| # include <inttypes.h>
| #endif
| #ifdef HAVE_STDINT_H
| # include <stdint.h>
| #endif
| #ifdef HAVE_UNISTD_H
| # include <unistd.h>
| #endif
| 
| #include <dlfcn.h>
configure:6948: result: no
configure:7134: checking for objdir
configure:7149: result: .libs
configure:7441: checking if gcc supports -fno-rtti -fno-exceptions
configure:7459: gcc -c -g -O2  -fno-rtti -fno-exceptions conftest.c >&5
cc1.exe: warning: command line option '-fno-rtti' is valid for C++/ObjC++ but not for C [enabled by default]
configure:7463: $? = 0
configure:7476: result: no
configure:7496: checking for gcc option to produce PIC
configure:7768: result: -DDLL_EXPORT -DPIC
configure:7780: checking if gcc PIC flag -DDLL_EXPORT -DPIC works
configure:7798: gcc -c -g -O2  -DDLL_EXPORT -DPIC -DPIC conftest.c >&5
configure:7802: $? = 0
configure:7815: result: yes
configure:7839: checking if gcc static flag -static works
configure:7867: result: yes
configure:7882: checking if gcc supports -c -o file.o
configure:7903: gcc -c -g -O2  -o out/conftest2.o conftest.c >&5
configure:7907: $? = 0
configure:7929: result: yes
configure:7937: checking if gcc supports -c -o file.o
configure:7984: result: yes
configure:8017: checking whether the gcc linker (c:/strawberry/c/x86_64-w64-mingw32/bin/ld.exe) supports shared libraries
configure:9091: result: yes
configure:9128: checking whether -lc should be explicitly linked in
configure:9133: gcc -c -g -O2  conftest.c >&5
configure:9136: $? = 0
configure:9151: gcc -shared conftest.o  -v -o ./conftest -Wl,--enable-auto-image-base -Xlinker --out-implib -Xlinker conftest 2\>\&1 \| /bin/grep  -lc  \>/dev/null 2\>\&1
configure:9154: $? = 1
configure:9166: result: yes
configure:9330: checking dynamic linker characteristics
configure:10013: result: Win32 ld.exe
configure:10115: checking how to hardcode library paths into programs
configure:10140: result: immediate
configure:10973: checking whether stripping libraries is possible
configure:10978: result: yes
configure:11013: checking if libtool supports shared libraries
configure:11015: result: yes
configure:11018: checking whether to build shared libraries
configure:11039: result: yes
configure:11042: checking whether to build static libraries
configure:11046: result: yes
configure:11083: checking for main in -lgmp
configure:11112: gcc -o conftest.exe -g -O2   conftest.c -lgmp   >&5
configure:11119: $? = 0
configure:11140: result: yes
configure:11152: checking for ANSI C header files
configure:11320: result: yes
configure:11331: checking for an ANSI C-conforming const
configure:11406: gcc -c -g -O2  conftest.c >&5
configure:11413: $? = 0
configure:11428: result: yes
configure:11594: creating ./config.status

## ---------------------- ##
## Running config.status. ##
## ---------------------- ##

This file was extended by config.status, which was
generated by GNU Autoconf 2.63.  Invocation command line was

  CONFIG_FILES    = 
  CONFIG_HEADERS  = 
  CONFIG_LINKS    = 
  CONFIG_COMMANDS = 
  $ ./config.status 

on Jasmine-PC

config.status:918: creating lib-src/Makefile
config.status:918: creating src/Makefile
config.status:918: creating lib-src-gmp/Makefile
config.status:918: creating src-gmp/Makefile
config.status:918: creating Makefile
config.status:1129: executing depfiles commands
config.status:1129: executing libtool commands

## ---------------- ##
## Cache variables. ##
## ---------------- ##

ac_cv_build=i686-pc-mingw32
ac_cv_c_compiler_gnu=yes
ac_cv_c_const=yes
ac_cv_env_CC_set=
ac_cv_env_CC_value=
ac_cv_env_CFLAGS_set=
ac_cv_env_CFLAGS_value=
ac_cv_env_CPPFLAGS_set=
ac_cv_env_CPPFLAGS_value=
ac_cv_env_CPP_set=
ac_cv_env_CPP_value=
ac_cv_env_LDFLAGS_set=
ac_cv_env_LDFLAGS_value=
ac_cv_env_LIBS_set=
ac_cv_env_LIBS_value=
ac_cv_env_build_alias_set=
ac_cv_env_build_alias_value=
ac_cv_env_host_alias_set=
ac_cv_env_host_alias_value=
ac_cv_env_target_alias_set=
ac_cv_env_target_alias_value=
ac_cv_exeext=.exe
ac_cv_header_dlfcn_h=no
ac_cv_header_inttypes_h=yes
ac_cv_header_memory_h=yes
ac_cv_header_stdc=yes
ac_cv_header_stdint_h=yes
ac_cv_header_stdlib_h=yes
ac_cv_header_string_h=yes
ac_cv_header_strings_h=yes
ac_cv_header_sys_stat_h=yes
ac_cv_header_sys_types_h=yes
ac_cv_header_unistd_h=yes
ac_cv_host=i686-pc-mingw32
ac_cv_lib_gmp_main=yes
ac_cv_objext=o
ac_cv_path_EGREP='/bin/grep -E'
ac_cv_path_FGREP='/bin/grep -F'
ac_cv_path_GREP=/bin/grep
ac_cv_path_SED=/bin/sed
ac_cv_path_install='/bin/install -c'
ac_cv_path_mkdir=/bin/mkdir
ac_cv_prog_AWK=gawk
ac_cv_prog_CPP='gcc -E'
ac_cv_prog_ac_ct_AR=ar
ac_cv_prog_ac_ct_CC=gcc
ac_cv_prog_ac_ct_OBJDUMP=objdump
ac_cv_prog_ac_ct_RANLIB=ranlib
ac_cv_prog_ac_ct_STRIP=strip
ac_cv_prog_cc_c89=
ac_cv_prog_cc_g=yes
ac_cv_prog_make_make_set=yes
am_cv_CC_dependencies_compiler_type=gcc3
lt_cv_deplibs_check_method='file_magic ^x86 archive import|^x86 DLL'
lt_cv_file_magic_cmd=func_win32_libid
lt_cv_file_magic_test_file=
lt_cv_ld_reload_flag=-r
lt_cv_nm_interface='BSD nm'
lt_cv_objdir=.libs
lt_cv_path_LD=c:/strawberry/c/x86_64-w64-mingw32/bin/ld.exe
lt_cv_path_NM='/c/Program Files/mingw-w64/x86_64-5.2.0-posix-seh-rt_v4-rev0/mingw64/bin/nm -B'
lt_cv_prog_compiler_c_o=yes
lt_cv_prog_compiler_pic_works=yes
lt_cv_prog_compiler_rtti_exceptions=no
lt_cv_prog_compiler_static_works=yes
lt_cv_prog_gnu_ld=yes
lt_cv_sys_global_symbol_pipe=
lt_cv_sys_global_symbol_to_c_name_address='sed -n -e '\''s/^: \([^ ]*\) $/  {\"\1\", (void *) 0},/p'\'' -e '\''s/^[ABCDGISTW]* \([^ ]*\) \([^ ]*\)$/  {"\2", (void *) \&\2},/p'\'''
lt_cv_sys_global_symbol_to_c_name_address_lib_prefix='sed -n -e '\''s/^: \([^ ]*\) $/  {\"\1\", (void *) 0},/p'\'' -e '\''s/^[ABCDGISTW]* \([^ ]*\) \(lib[^ ]*\)$/  {"\2", (void *) \&\2},/p'\'' -e '\''s/^[ABCDGISTW]* \([^ ]*\) \([^ ]*\)$/  {"lib\2", (void *) \&\2},/p'\'''
lt_cv_sys_global_symbol_to_cdecl=
lt_cv_sys_max_cmd_len=8192

## ----------------- ##
## Output variables. ##
## ----------------- ##

ACLOCAL='aclocal-1.10'
AMDEPBACKSLASH='\'
AMDEP_FALSE='#'
AMDEP_TRUE=''
AMTAR='tar'
AR='ar'
AUTOCONF='autoconf'
AUTOHEADER='autoheader'
AUTOMAKE='automake-1.10'
AWK='gawk'
CC='gcc'
CCDEPMODE='depmode=gcc3'
CFLAGS='-g -O2'
CPP='gcc -E'
CPPFLAGS=''
CYGPATH_W='echo'
DEFS='-DPACKAGE_NAME=\"\" -DPACKAGE_TARNAME=\"\" -DPACKAGE_VERSION=\"\" -DPACKAGE_STRING=\"\" -DPACKAGE_BUGREPORT=\"\" -DPACKAGE=\"cddlib\" -DVERSION=\"0.94\" -DSTDC_HEADERS=1 -DHAVE_SYS_TYPES_H=1 -DHAVE_SYS_STAT_H=1 -DHAVE_STDLIB_H=1 -DHAVE_STRING_H=1 -DHAVE_MEMORY_H=1 -DHAVE_STRINGS_H=1 -DHAVE_INTTYPES_H=1 -DHAVE_STDINT_H=1 -DHAVE_UNISTD_H=1 -DLT_OBJDIR=\".libs/\" -DHAVE_LIBGMP=1 -DSTDC_HEADERS=1'
DEPDIR='.deps'
DSYMUTIL=''
DUMPBIN=''
ECHO_C=''
ECHO_N='-n'
ECHO_T=''
EGREP='/bin/grep -E'
EXEEXT='.exe'
FGREP='/bin/grep -F'
GREP='/bin/grep'
INSTALL_DATA='${INSTALL} -m 644'
INSTALL_PROGRAM='${INSTALL}'
INSTALL_SCRIPT='${INSTALL}'
INSTALL_STRIP_PROGRAM='$(install_sh) -c -s'
LD='c:/strawberry/c/x86_64-w64-mingw32/bin/ld.exe'
LDFLAGS=''
LIBOBJS=''
LIBS='-lgmp '
LIBTOOL='$(SHELL) $(top_builddir)/libtool'
LIPO=''
LN_S='cp -p'
LTLIBOBJS=''
MAKEINFO='makeinfo'
MKDIR_P='/bin/mkdir -p'
NM='/c/Program Files/mingw-w64/x86_64-5.2.0-posix-seh-rt_v4-rev0/mingw64/bin/nm -B'
NMEDIT=''
OBJDUMP='objdump'
OBJEXT='o'
OTOOL64=''
OTOOL=''
PACKAGE='cddlib'
PACKAGE_BUGREPORT=''
PACKAGE_NAME=''
PACKAGE_STRING=''
PACKAGE_TARNAME=''
PACKAGE_VERSION=''
PATH_SEPARATOR=':'
RANLIB='ranlib'
SED='/bin/sed'
SET_MAKE=''
SHELL='/bin/sh'
STRIP='strip'
VERSION='0.94'
ac_ct_CC='gcc'
ac_ct_DUMPBIN=''
am__fastdepCC_FALSE='#'
am__fastdepCC_TRUE=''
am__include='include'
am__isrc=''
am__leading_dot='.'
am__quote=''
am__tar='${AMTAR} chof - "$$tardir"'
am__untar='${AMTAR} xf -'
bindir='${exec_prefix}/bin'
build='i686-pc-mingw32'
build_alias=''
build_cpu='i686'
build_os='mingw32'
build_vendor='pc'
datadir='${datarootdir}'
datarootdir='${prefix}/share'
docdir='${datarootdir}/doc/${PACKAGE}'
dvidir='${docdir}'
exec_prefix='${prefix}'
host='i686-pc-mingw32'
host_alias=''
host_cpu='i686'
host_os='mingw32'
host_vendor='pc'
htmldir='${docdir}'
includedir='${prefix}/include'
infodir='${datarootdir}/info'
install_sh='$(SHELL) /c/Program Files/cddlib/cddlib-094h/install-sh'
libdir='${exec_prefix}/lib'
libexecdir='${exec_prefix}/libexec'
localedir='${datarootdir}/locale'
localstatedir='${prefix}/var'
lt_ECHO='echo'
mandir='${datarootdir}/man'
mkdir_p='/bin/mkdir -p'
oldincludedir='/usr/include'
pdfdir='${docdir}'
prefix='/usr/local'
program_transform_name='s,x,x,'
psdir='${docdir}'
sbindir='${exec_prefix}/sbin'
sharedstatedir='${prefix}/com'
sysconfdir='${prefix}/etc'
target_alias=''

## ----------- ##
## confdefs.h. ##
## ----------- ##

#define PACKAGE_NAME ""
#define PACKAGE_TARNAME ""
#define PACKAGE_VERSION ""
#define PACKAGE_STRING ""
#define PACKAGE_BUGREPORT ""
#define PACKAGE "cddlib"
#define VERSION "0.94"
#define STDC_HEADERS 1
#define HAVE_SYS_TYPES_H 1
#define HAVE_SYS_STAT_H 1
#define HAVE_STDLIB_H 1
#define HAVE_STRING_H 1
#define HAVE_MEMORY_H 1
#define HAVE_STRINGS_H 1
#define HAVE_INTTYPES_H 1
#define HAVE_STDINT_H 1
#define HAVE_UNISTD_H 1
#define LT_OBJDIR ".libs/"
#define HAVE_LIBGMP 1
#define STDC_HEADERS 1

configure: exit 0
